Copyright 1986-2019 Xilinx, Inc. All Rights Reserved.
------------------------------------------------------------------------------------
| Tool Version : Vivado v.2019.1 (win64) Build 2552052 Fri May 24 14:49:42 MDT 2019
| Date         : Sat Jun  1 17:05:46 2024
| Host         : LAPTOP-NR6LMCBI running 64-bit major release  (build 9200)
| Command      : upgrade_ip
| Device       : xc7z010clg400-1
------------------------------------------------------------------------------------

Upgrade Log for IP 'mux_16_1_Mux_2_1_9_1'

1. Summary
----------

CAUTION (success, with warnings) in the upgrade of mux_16_1_Mux_2_1_9_1 (xillinx.com:user:Mux_2_1:1.0) from (Rev. 2) to (Rev. 3)

After upgrade, an IP may have parameter and port differences compared to the original customization. Please review the parameters within the IP customization GUI to ensure proper functionality. Also, please review the updated IP instantiation template to ensure proper connectivity, and update your design if required.

2. Connection Warnings
----------------------

Detected external port differences while upgrading 'mux_16_1_Mux_2_1_9_1'. These changes may impact your design.


-Upgrade has added port 'B'







Copyright 1986-2019 Xilinx, Inc. All Rights Reserved.
------------------------------------------------------------------------------------
| Tool Version : Vivado v.2019.1 (win64) Build 2552052 Fri May 24 14:49:42 MDT 2019
| Date         : Sat Jun  1 17:05:46 2024
| Host         : LAPTOP-NR6LMCBI running 64-bit major release  (build 9200)
| Command      : upgrade_ip
| Device       : xc7z010clg400-1
------------------------------------------------------------------------------------

Upgrade Log for IP 'mux_16_1_Mux_2_1_9_0'

1. Summary
----------

CAUTION (success, with warnings) in the upgrade of mux_16_1_Mux_2_1_9_0 (xillinx.com:user:Mux_2_1:1.0) from (Rev. 2) to (Rev. 3)

After upgrade, an IP may have parameter and port differences compared to the original customization. Please review the parameters within the IP customization GUI to ensure proper functionality. Also, please review the updated IP instantiation template to ensure proper connectivity, and update your design if required.

2. Connection Warnings
----------------------

Detected external port differences while upgrading 'mux_16_1_Mux_2_1_9_0'. These changes may impact your design.


-Upgrade has added port 'B'







Copyright 1986-2019 Xilinx, Inc. All Rights Reserved.
------------------------------------------------------------------------------------
| Tool Version : Vivado v.2019.1 (win64) Build 2552052 Fri May 24 14:49:42 MDT 2019
| Date         : Sat Jun  1 17:05:46 2024
| Host         : LAPTOP-NR6LMCBI running 64-bit major release  (build 9200)
| Command      : upgrade_ip
| Device       : xc7z010clg400-1
------------------------------------------------------------------------------------

Upgrade Log for IP 'mux_16_1_Mux_2_1_1_5'

1. Summary
----------

CAUTION (success, with warnings) in the upgrade of mux_16_1_Mux_2_1_1_5 (xillinx.com:user:Mux_2_1:1.0) from (Rev. 2) to (Rev. 3)

After upgrade, an IP may have parameter and port differences compared to the original customization. Please review the parameters within the IP customization GUI to ensure proper functionality. Also, please review the updated IP instantiation template to ensure proper connectivity, and update your design if required.

2. Connection Warnings
----------------------

Detected external port differences while upgrading 'mux_16_1_Mux_2_1_1_5'. These changes may impact your design.


-Upgrade has added port 'B'







Copyright 1986-2019 Xilinx, Inc. All Rights Reserved.
------------------------------------------------------------------------------------
| Tool Version : Vivado v.2019.1 (win64) Build 2552052 Fri May 24 14:49:42 MDT 2019
| Date         : Sat Jun  1 17:05:46 2024
| Host         : LAPTOP-NR6LMCBI running 64-bit major release  (build 9200)
| Command      : upgrade_ip
| Device       : xc7z010clg400-1
------------------------------------------------------------------------------------

Upgrade Log for IP 'mux_16_1_Mux_2_1_1_4'

1. Summary
----------

CAUTION (success, with warnings) in the upgrade of mux_16_1_Mux_2_1_1_4 (xillinx.com:user:Mux_2_1:1.0) from (Rev. 2) to (Rev. 3)

After upgrade, an IP may have parameter and port differences compared to the original customization. Please review the parameters within the IP customization GUI to ensure proper functionality. Also, please review the updated IP instantiation template to ensure proper connectivity, and update your design if required.

2. Connection Warnings
----------------------

Detected external port differences while upgrading 'mux_16_1_Mux_2_1_1_4'. These changes may impact your design.


-Upgrade has added port 'B'







Copyright 1986-2019 Xilinx, Inc. All Rights Reserved.
------------------------------------------------------------------------------------
| Tool Version : Vivado v.2019.1 (win64) Build 2552052 Fri May 24 14:49:42 MDT 2019
| Date         : Sat Jun  1 17:05:46 2024
| Host         : LAPTOP-NR6LMCBI running 64-bit major release  (build 9200)
| Command      : upgrade_ip
| Device       : xc7z010clg400-1
------------------------------------------------------------------------------------

Upgrade Log for IP 'mux_16_1_Mux_2_1_1_3'

1. Summary
----------

CAUTION (success, with warnings) in the upgrade of mux_16_1_Mux_2_1_1_3 (xillinx.com:user:Mux_2_1:1.0) from (Rev. 2) to (Rev. 3)

After upgrade, an IP may have parameter and port differences compared to the original customization. Please review the parameters within the IP customization GUI to ensure proper functionality. Also, please review the updated IP instantiation template to ensure proper connectivity, and update your design if required.

2. Connection Warnings
----------------------

Detected external port differences while upgrading 'mux_16_1_Mux_2_1_1_3'. These changes may impact your design.


-Upgrade has added port 'B'







Copyright 1986-2019 Xilinx, Inc. All Rights Reserved.
------------------------------------------------------------------------------------
| Tool Version : Vivado v.2019.1 (win64) Build 2552052 Fri May 24 14:49:42 MDT 2019
| Date         : Sat Jun  1 17:05:46 2024
| Host         : LAPTOP-NR6LMCBI running 64-bit major release  (build 9200)
| Command      : upgrade_ip
| Device       : xc7z010clg400-1
------------------------------------------------------------------------------------

Upgrade Log for IP 'mux_16_1_Mux_2_1_1_2'

1. Summary
----------

CAUTION (success, with warnings) in the upgrade of mux_16_1_Mux_2_1_1_2 (xillinx.com:user:Mux_2_1:1.0) from (Rev. 2) to (Rev. 3)

After upgrade, an IP may have parameter and port differences compared to the original customization. Please review the parameters within the IP customization GUI to ensure proper functionality. Also, please review the updated IP instantiation template to ensure proper connectivity, and update your design if required.

2. Connection Warnings
----------------------

Detected external port differences while upgrading 'mux_16_1_Mux_2_1_1_2'. These changes may impact your design.


-Upgrade has added port 'B'







Copyright 1986-2019 Xilinx, Inc. All Rights Reserved.
------------------------------------------------------------------------------------
| Tool Version : Vivado v.2019.1 (win64) Build 2552052 Fri May 24 14:49:42 MDT 2019
| Date         : Sat Jun  1 17:05:46 2024
| Host         : LAPTOP-NR6LMCBI running 64-bit major release  (build 9200)
| Command      : upgrade_ip
| Device       : xc7z010clg400-1
------------------------------------------------------------------------------------

Upgrade Log for IP 'mux_16_1_Mux_2_1_1_1'

1. Summary
----------

CAUTION (success, with warnings) in the upgrade of mux_16_1_Mux_2_1_1_1 (xillinx.com:user:Mux_2_1:1.0) from (Rev. 2) to (Rev. 3)

After upgrade, an IP may have parameter and port differences compared to the original customization. Please review the parameters within the IP customization GUI to ensure proper functionality. Also, please review the updated IP instantiation template to ensure proper connectivity, and update your design if required.

2. Connection Warnings
----------------------

Detected external port differences while upgrading 'mux_16_1_Mux_2_1_1_1'. These changes may impact your design.


-Upgrade has added port 'B'







Copyright 1986-2019 Xilinx, Inc. All Rights Reserved.
------------------------------------------------------------------------------------
| Tool Version : Vivado v.2019.1 (win64) Build 2552052 Fri May 24 14:49:42 MDT 2019
| Date         : Sat Jun  1 17:05:46 2024
| Host         : LAPTOP-NR6LMCBI running 64-bit major release  (build 9200)
| Command      : upgrade_ip
| Device       : xc7z010clg400-1
------------------------------------------------------------------------------------

Upgrade Log for IP 'mux_16_1_Mux_2_1_1_0'

1. Summary
----------

CAUTION (success, with warnings) in the upgrade of mux_16_1_Mux_2_1_1_0 (xillinx.com:user:Mux_2_1:1.0) from (Rev. 2) to (Rev. 3)

After upgrade, an IP may have parameter and port differences compared to the original customization. Please review the parameters within the IP customization GUI to ensure proper functionality. Also, please review the updated IP instantiation template to ensure proper connectivity, and update your design if required.

2. Connection Warnings
----------------------

Detected external port differences while upgrading 'mux_16_1_Mux_2_1_1_0'. These changes may impact your design.


-Upgrade has added port 'B'







Copyright 1986-2019 Xilinx, Inc. All Rights Reserved.
------------------------------------------------------------------------------------
| Tool Version : Vivado v.2019.1 (win64) Build 2552052 Fri May 24 14:49:42 MDT 2019
| Date         : Sat Jun  1 17:05:46 2024
| Host         : LAPTOP-NR6LMCBI running 64-bit major release  (build 9200)
| Command      : upgrade_ip
| Device       : xc7z010clg400-1
------------------------------------------------------------------------------------

Upgrade Log for IP 'mux_16_1_Mux_2_1_13_0'

1. Summary
----------

CAUTION (success, with warnings) in the upgrade of mux_16_1_Mux_2_1_13_0 (xillinx.com:user:Mux_2_1:1.0) from (Rev. 2) to (Rev. 3)

After upgrade, an IP may have parameter and port differences compared to the original customization. Please review the parameters within the IP customization GUI to ensure proper functionality. Also, please review the updated IP instantiation template to ensure proper connectivity, and update your design if required.

2. Connection Warnings
----------------------

Detected external port differences while upgrading 'mux_16_1_Mux_2_1_13_0'. These changes may impact your design.


-Upgrade has added port 'B'







Copyright 1986-2019 Xilinx, Inc. All Rights Reserved.
------------------------------------------------------------------------------------
| Tool Version : Vivado v.2019.1 (win64) Build 2552052 Fri May 24 14:49:42 MDT 2019
| Date         : Sat Jun  1 17:05:46 2024
| Host         : LAPTOP-NR6LMCBI running 64-bit major release  (build 9200)
| Command      : upgrade_ip
| Device       : xc7z010clg400-1
------------------------------------------------------------------------------------

Upgrade Log for IP 'mux_16_1_Mux_2_1_0_5'

1. Summary
----------

CAUTION (success, with warnings) in the upgrade of mux_16_1_Mux_2_1_0_5 (xillinx.com:user:Mux_2_1:1.0) from (Rev. 2) to (Rev. 3)

After upgrade, an IP may have parameter and port differences compared to the original customization. Please review the parameters within the IP customization GUI to ensure proper functionality. Also, please review the updated IP instantiation template to ensure proper connectivity, and update your design if required.

2. Connection Warnings
----------------------

Detected external port differences while upgrading 'mux_16_1_Mux_2_1_0_5'. These changes may impact your design.


-Upgrade has added port 'B'







Copyright 1986-2019 Xilinx, Inc. All Rights Reserved.
------------------------------------------------------------------------------------
| Tool Version : Vivado v.2019.1 (win64) Build 2552052 Fri May 24 14:49:42 MDT 2019
| Date         : Sat Jun  1 17:05:46 2024
| Host         : LAPTOP-NR6LMCBI running 64-bit major release  (build 9200)
| Command      : upgrade_ip
| Device       : xc7z010clg400-1
------------------------------------------------------------------------------------

Upgrade Log for IP 'mux_16_1_Mux_2_1_0_4'

1. Summary
----------

CAUTION (success, with warnings) in the upgrade of mux_16_1_Mux_2_1_0_4 (xillinx.com:user:Mux_2_1:1.0) from (Rev. 2) to (Rev. 3)

After upgrade, an IP may have parameter and port differences compared to the original customization. Please review the parameters within the IP customization GUI to ensure proper functionality. Also, please review the updated IP instantiation template to ensure proper connectivity, and update your design if required.

2. Connection Warnings
----------------------

Detected external port differences while upgrading 'mux_16_1_Mux_2_1_0_4'. These changes may impact your design.


-Upgrade has added port 'B'







Copyright 1986-2019 Xilinx, Inc. All Rights Reserved.
------------------------------------------------------------------------------------
| Tool Version : Vivado v.2019.1 (win64) Build 2552052 Fri May 24 14:49:42 MDT 2019
| Date         : Sat Jun  1 17:05:46 2024
| Host         : LAPTOP-NR6LMCBI running 64-bit major release  (build 9200)
| Command      : upgrade_ip
| Device       : xc7z010clg400-1
------------------------------------------------------------------------------------

Upgrade Log for IP 'mux_16_1_Mux_2_1_0_3'

1. Summary
----------

CAUTION (success, with warnings) in the upgrade of mux_16_1_Mux_2_1_0_3 (xillinx.com:user:Mux_2_1:1.0) from (Rev. 2) to (Rev. 3)

After upgrade, an IP may have parameter and port differences compared to the original customization. Please review the parameters within the IP customization GUI to ensure proper functionality. Also, please review the updated IP instantiation template to ensure proper connectivity, and update your design if required.

2. Connection Warnings
----------------------

Detected external port differences while upgrading 'mux_16_1_Mux_2_1_0_3'. These changes may impact your design.


-Upgrade has added port 'B'







Copyright 1986-2019 Xilinx, Inc. All Rights Reserved.
------------------------------------------------------------------------------------
| Tool Version : Vivado v.2019.1 (win64) Build 2552052 Fri May 24 14:49:42 MDT 2019
| Date         : Sat Jun  1 17:05:46 2024
| Host         : LAPTOP-NR6LMCBI running 64-bit major release  (build 9200)
| Command      : upgrade_ip
| Device       : xc7z010clg400-1
------------------------------------------------------------------------------------

Upgrade Log for IP 'mux_16_1_Mux_2_1_0_2'

1. Summary
----------

CAUTION (success, with warnings) in the upgrade of mux_16_1_Mux_2_1_0_2 (xillinx.com:user:Mux_2_1:1.0) from (Rev. 2) to (Rev. 3)

After upgrade, an IP may have parameter and port differences compared to the original customization. Please review the parameters within the IP customization GUI to ensure proper functionality. Also, please review the updated IP instantiation template to ensure proper connectivity, and update your design if required.

2. Connection Warnings
----------------------

Detected external port differences while upgrading 'mux_16_1_Mux_2_1_0_2'. These changes may impact your design.


-Upgrade has added port 'B'







Copyright 1986-2019 Xilinx, Inc. All Rights Reserved.
------------------------------------------------------------------------------------
| Tool Version : Vivado v.2019.1 (win64) Build 2552052 Fri May 24 14:49:42 MDT 2019
| Date         : Sat Jun  1 17:05:46 2024
| Host         : LAPTOP-NR6LMCBI running 64-bit major release  (build 9200)
| Command      : upgrade_ip
| Device       : xc7z010clg400-1
------------------------------------------------------------------------------------

Upgrade Log for IP 'mux_16_1_Mux_2_1_0_1'

1. Summary
----------

CAUTION (success, with warnings) in the upgrade of mux_16_1_Mux_2_1_0_1 (xillinx.com:user:Mux_2_1:1.0) from (Rev. 2) to (Rev. 3)

After upgrade, an IP may have parameter and port differences compared to the original customization. Please review the parameters within the IP customization GUI to ensure proper functionality. Also, please review the updated IP instantiation template to ensure proper connectivity, and update your design if required.

2. Connection Warnings
----------------------

Detected external port differences while upgrading 'mux_16_1_Mux_2_1_0_1'. These changes may impact your design.


-Upgrade has added port 'B'







Copyright 1986-2019 Xilinx, Inc. All Rights Reserved.
------------------------------------------------------------------------------------
| Tool Version : Vivado v.2019.1 (win64) Build 2552052 Fri May 24 14:49:42 MDT 2019
| Date         : Sat Jun  1 17:05:46 2024
| Host         : LAPTOP-NR6LMCBI running 64-bit major release  (build 9200)
| Command      : upgrade_ip
| Device       : xc7z010clg400-1
------------------------------------------------------------------------------------

Upgrade Log for IP 'mux_16_1_Mux_2_1_0_0'

1. Summary
----------

CAUTION (success, with warnings) in the upgrade of mux_16_1_Mux_2_1_0_0 (xillinx.com:user:Mux_2_1:1.0) from (Rev. 2) to (Rev. 3)

After upgrade, an IP may have parameter and port differences compared to the original customization. Please review the parameters within the IP customization GUI to ensure proper functionality. Also, please review the updated IP instantiation template to ensure proper connectivity, and update your design if required.

2. Connection Warnings
----------------------

Detected external port differences while upgrading 'mux_16_1_Mux_2_1_0_0'. These changes may impact your design.


-Upgrade has added port 'B'


