INFO: [VRFC 10-2263] Analyzing Verilog file "D:/B.Tech/RTL_resources/verilog FPGA course Projects/Demo_IP/Demo_IP.ip_user_files/bd/barrel_shifter_8_bit/ipshared/3e67/Mux_2_1.v" into library xil_defaultlib
INFO: [VRFC 10-311] analyzing module Mux_2_1
INFO: [VRFC 10-2263] Analyzing Verilog file "D:/B.Tech/RTL_resources/verilog FPGA course Projects/Demo_IP/Demo_IP.ip_user_files/bd/barrel_shifter_8_bit/ip/barrel_shifter_8_bit_Mux_2_1_0_0/sim/barrel_shifter_8_bit_Mux_2_1_0_0.v" into library xil_defaultlib
INFO: [VRFC 10-311] analyzing module barrel_shifter_8_bit_Mux_2_1_0_0
INFO: [VRFC 10-2263] Analyzing Verilog file "D:/B.Tech/RTL_resources/verilog FPGA course Projects/Demo_IP/Demo_IP.ip_user_files/bd/barrel_shifter_8_bit/ip/barrel_shifter_8_bit_Mux_2_1_0_1/sim/barrel_shifter_8_bit_Mux_2_1_0_1.v" into library xil_defaultlib
INFO: [VRFC 10-311] analyzing module barrel_shifter_8_bit_Mux_2_1_0_1
INFO: [VRFC 10-2263] Analyzing Verilog file "D:/B.Tech/RTL_resources/verilog FPGA course Projects/Demo_IP/Demo_IP.ip_user_files/bd/barrel_shifter_8_bit/ip/barrel_shifter_8_bit_Mux_2_1_0_2/sim/barrel_shifter_8_bit_Mux_2_1_0_2.v" into library xil_defaultlib
INFO: [VRFC 10-311] analyzing module barrel_shifter_8_bit_Mux_2_1_0_2
INFO: [VRFC 10-2263] Analyzing Verilog file "D:/B.Tech/RTL_resources/verilog FPGA course Projects/Demo_IP/Demo_IP.ip_user_files/bd/barrel_shifter_8_bit/ip/barrel_shifter_8_bit_Mux_2_1_0_3/sim/barrel_shifter_8_bit_Mux_2_1_0_3.v" into library xil_defaultlib
INFO: [VRFC 10-311] analyzing module barrel_shifter_8_bit_Mux_2_1_0_3
INFO: [VRFC 10-2263] Analyzing Verilog file "D:/B.Tech/RTL_resources/verilog FPGA course Projects/Demo_IP/Demo_IP.ip_user_files/bd/barrel_shifter_8_bit/ip/barrel_shifter_8_bit_Mux_2_1_0_4/sim/barrel_shifter_8_bit_Mux_2_1_0_4.v" into library xil_defaultlib
INFO: [VRFC 10-311] analyzing module barrel_shifter_8_bit_Mux_2_1_0_4
INFO: [VRFC 10-2263] Analyzing Verilog file "D:/B.Tech/RTL_resources/verilog FPGA course Projects/Demo_IP/Demo_IP.ip_user_files/bd/barrel_shifter_8_bit/ip/barrel_shifter_8_bit_Mux_2_1_0_5/sim/barrel_shifter_8_bit_Mux_2_1_0_5.v" into library xil_defaultlib
INFO: [VRFC 10-311] analyzing module barrel_shifter_8_bit_Mux_2_1_0_5
INFO: [VRFC 10-2263] Analyzing Verilog file "D:/B.Tech/RTL_resources/verilog FPGA course Projects/Demo_IP/Demo_IP.ip_user_files/bd/barrel_shifter_8_bit/ip/barrel_shifter_8_bit_Mux_2_1_0_6/sim/barrel_shifter_8_bit_Mux_2_1_0_6.v" into library xil_defaultlib
INFO: [VRFC 10-311] analyzing module barrel_shifter_8_bit_Mux_2_1_0_6
INFO: [VRFC 10-2263] Analyzing Verilog file "D:/B.Tech/RTL_resources/verilog FPGA course Projects/Demo_IP/Demo_IP.ip_user_files/bd/barrel_shifter_8_bit/ip/barrel_shifter_8_bit_Mux_2_1_0_7/sim/barrel_shifter_8_bit_Mux_2_1_0_7.v" into library xil_defaultlib
INFO: [VRFC 10-311] analyzing module barrel_shifter_8_bit_Mux_2_1_0_7
INFO: [VRFC 10-2263] Analyzing Verilog file "D:/B.Tech/RTL_resources/verilog FPGA course Projects/Demo_IP/Demo_IP.ip_user_files/bd/barrel_shifter_8_bit/ip/barrel_shifter_8_bit_Mux_2_1_0_8/sim/barrel_shifter_8_bit_Mux_2_1_0_8.v" into library xil_defaultlib
INFO: [VRFC 10-311] analyzing module barrel_shifter_8_bit_Mux_2_1_0_8
INFO: [VRFC 10-2263] Analyzing Verilog file "D:/B.Tech/RTL_resources/verilog FPGA course Projects/Demo_IP/Demo_IP.ip_user_files/bd/barrel_shifter_8_bit/ip/barrel_shifter_8_bit_Mux_2_1_1_0/sim/barrel_shifter_8_bit_Mux_2_1_1_0.v" into library xil_defaultlib
INFO: [VRFC 10-311] analyzing module barrel_shifter_8_bit_Mux_2_1_1_0
INFO: [VRFC 10-2263] Analyzing Verilog file "D:/B.Tech/RTL_resources/verilog FPGA course Projects/Demo_IP/Demo_IP.ip_user_files/bd/barrel_shifter_8_bit/ip/barrel_shifter_8_bit_Mux_2_1_2_0/sim/barrel_shifter_8_bit_Mux_2_1_2_0.v" into library xil_defaultlib
INFO: [VRFC 10-311] analyzing module barrel_shifter_8_bit_Mux_2_1_2_0
INFO: [VRFC 10-2263] Analyzing Verilog file "D:/B.Tech/RTL_resources/verilog FPGA course Projects/Demo_IP/Demo_IP.ip_user_files/bd/barrel_shifter_8_bit/ip/barrel_shifter_8_bit_Mux_2_1_3_0/sim/barrel_shifter_8_bit_Mux_2_1_3_0.v" into library xil_defaultlib
INFO: [VRFC 10-311] analyzing module barrel_shifter_8_bit_Mux_2_1_3_0
INFO: [VRFC 10-2263] Analyzing Verilog file "D:/B.Tech/RTL_resources/verilog FPGA course Projects/Demo_IP/Demo_IP.ip_user_files/bd/barrel_shifter_8_bit/ip/barrel_shifter_8_bit_Mux_2_1_4_0/sim/barrel_shifter_8_bit_Mux_2_1_4_0.v" into library xil_defaultlib
INFO: [VRFC 10-311] analyzing module barrel_shifter_8_bit_Mux_2_1_4_0
INFO: [VRFC 10-2263] Analyzing Verilog file "D:/B.Tech/RTL_resources/verilog FPGA course Projects/Demo_IP/Demo_IP.ip_user_files/bd/barrel_shifter_8_bit/ip/barrel_shifter_8_bit_Mux_2_1_5_0/sim/barrel_shifter_8_bit_Mux_2_1_5_0.v" into library xil_defaultlib
INFO: [VRFC 10-311] analyzing module barrel_shifter_8_bit_Mux_2_1_5_0
INFO: [VRFC 10-2263] Analyzing Verilog file "D:/B.Tech/RTL_resources/verilog FPGA course Projects/Demo_IP/Demo_IP.ip_user_files/bd/barrel_shifter_8_bit/ip/barrel_shifter_8_bit_Mux_2_1_6_0/sim/barrel_shifter_8_bit_Mux_2_1_6_0.v" into library xil_defaultlib
INFO: [VRFC 10-311] analyzing module barrel_shifter_8_bit_Mux_2_1_6_0
INFO: [VRFC 10-2263] Analyzing Verilog file "D:/B.Tech/RTL_resources/verilog FPGA course Projects/Demo_IP/Demo_IP.ip_user_files/bd/barrel_shifter_8_bit/ip/barrel_shifter_8_bit_Mux_2_1_7_0/sim/barrel_shifter_8_bit_Mux_2_1_7_0.v" into library xil_defaultlib
INFO: [VRFC 10-311] analyzing module barrel_shifter_8_bit_Mux_2_1_7_0
INFO: [VRFC 10-2263] Analyzing Verilog file "D:/B.Tech/RTL_resources/verilog FPGA course Projects/Demo_IP/Demo_IP.ip_user_files/bd/barrel_shifter_8_bit/ip/barrel_shifter_8_bit_Mux_2_1_0_9/sim/barrel_shifter_8_bit_Mux_2_1_0_9.v" into library xil_defaultlib
INFO: [VRFC 10-311] analyzing module barrel_shifter_8_bit_Mux_2_1_0_9
INFO: [VRFC 10-2263] Analyzing Verilog file "D:/B.Tech/RTL_resources/verilog FPGA course Projects/Demo_IP/Demo_IP.ip_user_files/bd/barrel_shifter_8_bit/ip/barrel_shifter_8_bit_Mux_2_1_1_1/sim/barrel_shifter_8_bit_Mux_2_1_1_1.v" into library xil_defaultlib
INFO: [VRFC 10-311] analyzing module barrel_shifter_8_bit_Mux_2_1_1_1
INFO: [VRFC 10-2263] Analyzing Verilog file "D:/B.Tech/RTL_resources/verilog FPGA course Projects/Demo_IP/Demo_IP.ip_user_files/bd/barrel_shifter_8_bit/ip/barrel_shifter_8_bit_Mux_2_1_10_0/sim/barrel_shifter_8_bit_Mux_2_1_10_0.v" into library xil_defaultlib
INFO: [VRFC 10-311] analyzing module barrel_shifter_8_bit_Mux_2_1_10_0
INFO: [VRFC 10-2263] Analyzing Verilog file "D:/B.Tech/RTL_resources/verilog FPGA course Projects/Demo_IP/Demo_IP.ip_user_files/bd/barrel_shifter_8_bit/ip/barrel_shifter_8_bit_Mux_2_1_11_0/sim/barrel_shifter_8_bit_Mux_2_1_11_0.v" into library xil_defaultlib
INFO: [VRFC 10-311] analyzing module barrel_shifter_8_bit_Mux_2_1_11_0
INFO: [VRFC 10-2263] Analyzing Verilog file "D:/B.Tech/RTL_resources/verilog FPGA course Projects/Demo_IP/Demo_IP.ip_user_files/bd/barrel_shifter_8_bit/ip/barrel_shifter_8_bit_Mux_2_1_12_0/sim/barrel_shifter_8_bit_Mux_2_1_12_0.v" into library xil_defaultlib
INFO: [VRFC 10-311] analyzing module barrel_shifter_8_bit_Mux_2_1_12_0
INFO: [VRFC 10-2263] Analyzing Verilog file "D:/B.Tech/RTL_resources/verilog FPGA course Projects/Demo_IP/Demo_IP.ip_user_files/bd/barrel_shifter_8_bit/ip/barrel_shifter_8_bit_Mux_2_1_13_0/sim/barrel_shifter_8_bit_Mux_2_1_13_0.v" into library xil_defaultlib
INFO: [VRFC 10-311] analyzing module barrel_shifter_8_bit_Mux_2_1_13_0
INFO: [VRFC 10-2263] Analyzing Verilog file "D:/B.Tech/RTL_resources/verilog FPGA course Projects/Demo_IP/Demo_IP.ip_user_files/bd/barrel_shifter_8_bit/ip/barrel_shifter_8_bit_Mux_2_1_14_0/sim/barrel_shifter_8_bit_Mux_2_1_14_0.v" into library xil_defaultlib
INFO: [VRFC 10-311] analyzing module barrel_shifter_8_bit_Mux_2_1_14_0
INFO: [VRFC 10-2263] Analyzing Verilog file "D:/B.Tech/RTL_resources/verilog FPGA course Projects/Demo_IP/Demo_IP.ip_user_files/bd/barrel_shifter_8_bit/ip/barrel_shifter_8_bit_Mux_2_1_15_0/sim/barrel_shifter_8_bit_Mux_2_1_15_0.v" into library xil_defaultlib
INFO: [VRFC 10-311] analyzing module barrel_shifter_8_bit_Mux_2_1_15_0
INFO: [VRFC 10-2263] Analyzing Verilog file "D:/B.Tech/RTL_resources/verilog FPGA course Projects/Demo_IP/Demo_IP.ip_user_files/bd/barrel_shifter_8_bit/ip/barrel_shifter_8_bit_Mux_2_1_2_1/sim/barrel_shifter_8_bit_Mux_2_1_2_1.v" into library xil_defaultlib
INFO: [VRFC 10-311] analyzing module barrel_shifter_8_bit_Mux_2_1_2_1
INFO: [VRFC 10-2263] Analyzing Verilog file "D:/B.Tech/RTL_resources/verilog FPGA course Projects/Demo_IP/Demo_IP.ip_user_files/bd/barrel_shifter_8_bit/ip/barrel_shifter_8_bit_Mux_2_1_3_1/sim/barrel_shifter_8_bit_Mux_2_1_3_1.v" into library xil_defaultlib
INFO: [VRFC 10-311] analyzing module barrel_shifter_8_bit_Mux_2_1_3_1
INFO: [VRFC 10-2263] Analyzing Verilog file "D:/B.Tech/RTL_resources/verilog FPGA course Projects/Demo_IP/Demo_IP.ip_user_files/bd/barrel_shifter_8_bit/ip/barrel_shifter_8_bit_Mux_2_1_4_1/sim/barrel_shifter_8_bit_Mux_2_1_4_1.v" into library xil_defaultlib
INFO: [VRFC 10-311] analyzing module barrel_shifter_8_bit_Mux_2_1_4_1
INFO: [VRFC 10-2263] Analyzing Verilog file "D:/B.Tech/RTL_resources/verilog FPGA course Projects/Demo_IP/Demo_IP.ip_user_files/bd/barrel_shifter_8_bit/ip/barrel_shifter_8_bit_Mux_2_1_5_1/sim/barrel_shifter_8_bit_Mux_2_1_5_1.v" into library xil_defaultlib
INFO: [VRFC 10-311] analyzing module barrel_shifter_8_bit_Mux_2_1_5_1
INFO: [VRFC 10-2263] Analyzing Verilog file "D:/B.Tech/RTL_resources/verilog FPGA course Projects/Demo_IP/Demo_IP.ip_user_files/bd/barrel_shifter_8_bit/ip/barrel_shifter_8_bit_Mux_2_1_6_1/sim/barrel_shifter_8_bit_Mux_2_1_6_1.v" into library xil_defaultlib
INFO: [VRFC 10-311] analyzing module barrel_shifter_8_bit_Mux_2_1_6_1
INFO: [VRFC 10-2263] Analyzing Verilog file "D:/B.Tech/RTL_resources/verilog FPGA course Projects/Demo_IP/Demo_IP.ip_user_files/bd/barrel_shifter_8_bit/ip/barrel_shifter_8_bit_Mux_2_1_7_1/sim/barrel_shifter_8_bit_Mux_2_1_7_1.v" into library xil_defaultlib
INFO: [VRFC 10-311] analyzing module barrel_shifter_8_bit_Mux_2_1_7_1
INFO: [VRFC 10-2263] Analyzing Verilog file "D:/B.Tech/RTL_resources/verilog FPGA course Projects/Demo_IP/Demo_IP.ip_user_files/bd/barrel_shifter_8_bit/ip/barrel_shifter_8_bit_Mux_2_1_8_0/sim/barrel_shifter_8_bit_Mux_2_1_8_0.v" into library xil_defaultlib
INFO: [VRFC 10-311] analyzing module barrel_shifter_8_bit_Mux_2_1_8_0
INFO: [VRFC 10-2263] Analyzing Verilog file "D:/B.Tech/RTL_resources/verilog FPGA course Projects/Demo_IP/Demo_IP.ip_user_files/bd/barrel_shifter_8_bit/ip/barrel_shifter_8_bit_Mux_2_1_9_0/sim/barrel_shifter_8_bit_Mux_2_1_9_0.v" into library xil_defaultlib
INFO: [VRFC 10-311] analyzing module barrel_shifter_8_bit_Mux_2_1_9_0
INFO: [VRFC 10-2263] Analyzing Verilog file "D:/B.Tech/RTL_resources/verilog FPGA course Projects/Demo_IP/Demo_IP.ip_user_files/bd/barrel_shifter_8_bit/ip/barrel_shifter_8_bit_xlconstant_0_0/sim/barrel_shifter_8_bit_xlconstant_0_0.v" into library xil_defaultlib
INFO: [VRFC 10-311] analyzing module barrel_shifter_8_bit_xlconstant_0_0
INFO: [VRFC 10-2263] Analyzing Verilog file "D:/B.Tech/RTL_resources/verilog FPGA course Projects/Demo_IP/Demo_IP.ip_user_files/bd/barrel_shifter_8_bit/ip/barrel_shifter_8_bit_xlslice_0_0/sim/barrel_shifter_8_bit_xlslice_0_0.v" into library xil_defaultlib
INFO: [VRFC 10-311] analyzing module barrel_shifter_8_bit_xlslice_0_0
INFO: [VRFC 10-2263] Analyzing Verilog file "D:/B.Tech/RTL_resources/verilog FPGA course Projects/Demo_IP/Demo_IP.ip_user_files/bd/barrel_shifter_8_bit/ip/barrel_shifter_8_bit_xlslice_0_1/sim/barrel_shifter_8_bit_xlslice_0_1.v" into library xil_defaultlib
INFO: [VRFC 10-311] analyzing module barrel_shifter_8_bit_xlslice_0_1
INFO: [VRFC 10-2263] Analyzing Verilog file "D:/B.Tech/RTL_resources/verilog FPGA course Projects/Demo_IP/Demo_IP.ip_user_files/bd/barrel_shifter_8_bit/ip/barrel_shifter_8_bit_xlslice_0_2/sim/barrel_shifter_8_bit_xlslice_0_2.v" into library xil_defaultlib
INFO: [VRFC 10-311] analyzing module barrel_shifter_8_bit_xlslice_0_2
INFO: [VRFC 10-2263] Analyzing Verilog file "D:/B.Tech/RTL_resources/verilog FPGA course Projects/Demo_IP/Demo_IP.ip_user_files/bd/barrel_shifter_8_bit/ip/barrel_shifter_8_bit_xlslice_2_0/sim/barrel_shifter_8_bit_xlslice_2_0.v" into library xil_defaultlib
INFO: [VRFC 10-311] analyzing module barrel_shifter_8_bit_xlslice_2_0
INFO: [VRFC 10-2263] Analyzing Verilog file "D:/B.Tech/RTL_resources/verilog FPGA course Projects/Demo_IP/Demo_IP.ip_user_files/bd/barrel_shifter_8_bit/ip/barrel_shifter_8_bit_xlslice_2_1/sim/barrel_shifter_8_bit_xlslice_2_1.v" into library xil_defaultlib
INFO: [VRFC 10-311] analyzing module barrel_shifter_8_bit_xlslice_2_1
INFO: [VRFC 10-2263] Analyzing Verilog file "D:/B.Tech/RTL_resources/verilog FPGA course Projects/Demo_IP/Demo_IP.ip_user_files/bd/barrel_shifter_8_bit/ip/barrel_shifter_8_bit_xlslice_2_2/sim/barrel_shifter_8_bit_xlslice_2_2.v" into library xil_defaultlib
INFO: [VRFC 10-311] analyzing module barrel_shifter_8_bit_xlslice_2_2
INFO: [VRFC 10-2263] Analyzing Verilog file "D:/B.Tech/RTL_resources/verilog FPGA course Projects/Demo_IP/Demo_IP.ip_user_files/bd/barrel_shifter_8_bit/ip/barrel_shifter_8_bit_xlslice_5_0/sim/barrel_shifter_8_bit_xlslice_5_0.v" into library xil_defaultlib
INFO: [VRFC 10-311] analyzing module barrel_shifter_8_bit_xlslice_5_0
INFO: [VRFC 10-2263] Analyzing Verilog file "D:/B.Tech/RTL_resources/verilog FPGA course Projects/Demo_IP/Demo_IP.ip_user_files/bd/barrel_shifter_8_bit/ip/barrel_shifter_8_bit_xlslice_5_1/sim/barrel_shifter_8_bit_xlslice_5_1.v" into library xil_defaultlib
INFO: [VRFC 10-311] analyzing module barrel_shifter_8_bit_xlslice_5_1
INFO: [VRFC 10-2263] Analyzing Verilog file "D:/B.Tech/RTL_resources/verilog FPGA course Projects/Demo_IP/Demo_IP.ip_user_files/bd/barrel_shifter_8_bit/ip/barrel_shifter_8_bit_xlconcat_0_0/sim/barrel_shifter_8_bit_xlconcat_0_0.v" into library xil_defaultlib
INFO: [VRFC 10-311] analyzing module barrel_shifter_8_bit_xlconcat_0_0
INFO: [VRFC 10-2263] Analyzing Verilog file "D:/B.Tech/RTL_resources/verilog FPGA course Projects/Demo_IP/Demo_IP.ip_user_files/bd/barrel_shifter_8_bit/sim/barrel_shifter_8_bit.v" into library xil_defaultlib
INFO: [VRFC 10-311] analyzing module barrel_shifter_8_bit
INFO: [VRFC 10-311] analyzing module input_split_imp_AE0FWQ
INFO: [VRFC 10-2263] Analyzing Verilog file "D:/B.Tech/RTL_resources/verilog FPGA course Projects/Demo_IP/Demo_IP.srcs/sources_1/bd/barrel_shifter_8_bit/hdl/barrel_shifter_8_bit_wrapper.v" into library xil_defaultlib
INFO: [VRFC 10-311] analyzing module barrel_shifter_8_bit_wrapper
